#
# There is insufficient memory for the Java Runtime Environment to continue.
# Native memory allocation (malloc) failed to allocate 1085616 bytes for Chunk::new
# Possible reasons:
#   The system is out of physical RAM or swap space
#   The process is running with CompressedOops enabled, and the Java Heap may be blocking the growth of the native heap
# Possible solutions:
#   Reduce memory load on the system
#   Increase physical memory or swap space
#   Check if swap backing store is full
#   Decrease Java heap size (-Xmx/-Xms)
#   Decrease number of Java threads
#   Decrease Java thread stack sizes (-Xss)
#   Set larger code cache with -XX:ReservedCodeCacheSize=
#   JVM is running with Unscaled Compressed Oops mode in which the Java heap is
#     placed in the first 4GB address space. The Java Heap base address is the
#     maximum limit for the native heap growth. Please use -XX:HeapBaseMinAddress
#     to set the Java Heap base and to place the Java Heap above 4GB virtual address.
# This output file may be truncated or incomplete.
#
#  Out of Memory Error (./open/src/hotspot/share/memory/arena.cpp:197), pid=7712, tid=7448
#
# JRE version: Java(TM) SE Runtime Environment 18.9 (11.0.19+9) (build 11.0.19+9-LTS-224)
# Java VM: Java HotSpot(TM) 64-Bit Server VM 18.9 (11.0.19+9-LTS-224, mixed mode, tiered, compressed oops, g1 gc, windows-amd64)
# No core dump will be written. Minidumps are not enabled by default on client versions of Windows
#

---------------  S U M M A R Y ------------

Command Line: -javaagent:C:\Program Files\JetBrains\IntelliJ IDEA Community Edition 2023.2.1\lib\idea_rt.jar=51963:C:\Program Files\JetBrains\IntelliJ IDEA Community Edition 2023.2.1\bin -Dfile.encoding=UTF-8 tek.raptors.browsers.Activity3

Host: Intel(R) Core(TM) i5-1035G4 CPU @ 1.10GHz, 8 cores, 7G,  Windows 11 , 64 bit Build 22621 (10.0.22621.2428)
Time: Wed Nov 15 23:17:56 2023 Central Standard Time elapsed time: 7.454936 seconds (0d 0h 0m 7s)

---------------  T H R E A D  ---------------

Current thread (0x000001ab327e3800):  JavaThread "C2 CompilerThread1" daemon [_thread_in_native, id=7448, stack(0x000000599b800000,0x000000599b900000)]


Current CompileTask:
C2:   7455 1705       4       java.lang.invoke.MethodType::makeImpl (108 bytes)

Stack: [0x000000599b800000,0x000000599b900000]
Native frames: (J=compiled Java code, j=interpreted, Vv=VM code, C=native code)
V  [jvm.dll+0x65fe1a]
V  [jvm.dll+0x7a2bbf]
V  [jvm.dll+0x7a4289]
V  [jvm.dll+0x7a4923]
V  [jvm.dll+0x258a25]
V  [jvm.dll+0xb29cc]
V  [jvm.dll+0xb2f8c]
V  [jvm.dll+0x367121]
V  [jvm.dll+0x1a25f4]
V  [jvm.dll+0x21187d]
V  [jvm.dll+0x2106f8]
V  [jvm.dll+0x18c841]
V  [jvm.dll+0x220989]
V  [jvm.dll+0x21ecac]
V  [jvm.dll+0x766921]
V  [jvm.dll+0x75f2e4]
V  [jvm.dll+0x65ecc5]
C  [ucrtbase.dll+0x29363]
C  [KERNEL32.DLL+0x1257d]
C  [ntdll.dll+0x5aa78]


---------------  P R O C E S S  ---------------

Threads class SMR info:
_java_thread_list=0x000001ab334ff950, length=27, elements={
0x000001ab13911000, 0x000001ab315a8800, 0x000001ab315b1800, 0x000001ab31f22800,
0x000001ab315c1800, 0x000001ab315c6800, 0x000001ab315d1800, 0x000001ab315d6800,
0x000001ab31f26000, 0x000001ab31f27800, 0x000001ab31f26800, 0x000001ab31f28000,
0x000001ab31f29000, 0x000001ab31f2a000, 0x000001ab31f24000, 0x000001ab31f2a800,
0x000001ab31f25000, 0x000001ab3318f800, 0x000001ab33190800, 0x000001ab3318f000,
0x000001ab3318d800, 0x000001ab327e3800, 0x000001ab338ef000, 0x000001ab33191800,
0x000001ab33192000, 0x000001ab33193000, 0x000001ab33194000
}

Java Threads: ( => current thread )
  0x000001ab13911000 JavaThread "Forwarding get on session fb97d66f969e92976bd59bf5e4de2e6c to remote" [_thread_blocked, id=9872, stack(0x0000005999a00000,0x0000005999b00000)]
  0x000001ab315a8800 JavaThread "Reference Handler" daemon [_thread_blocked, id=25592, stack(0x000000599a100000,0x000000599a200000)]
  0x000001ab315b1800 JavaThread "Finalizer" daemon [_thread_blocked, id=16932, stack(0x000000599a200000,0x000000599a300000)]
  0x000001ab31f22800 JavaThread "Signal Dispatcher" daemon [_thread_blocked, id=9120, stack(0x000000599a300000,0x000000599a400000)]
  0x000001ab315c1800 JavaThread "Attach Listener" daemon [_thread_blocked, id=1384, stack(0x000000599a400000,0x000000599a500000)]
  0x000001ab315c6800 JavaThread "Service Thread" daemon [_thread_blocked, id=13628, stack(0x000000599a500000,0x000000599a600000)]
  0x000001ab315d1800 JavaThread "C2 CompilerThread0" daemon [_thread_blocked, id=300, stack(0x000000599a600000,0x000000599a700000)]
  0x000001ab315d6800 JavaThread "C1 CompilerThread0" daemon [_thread_blocked, id=15968, stack(0x000000599a700000,0x000000599a800000)]
  0x000001ab31f26000 JavaThread "Sweeper thread" daemon [_thread_blocked, id=20304, stack(0x000000599a800000,0x000000599a900000)]
  0x000001ab31f27800 JavaThread "Common-Cleaner" daemon [_thread_blocked, id=17476, stack(0x000000599a900000,0x000000599aa00000)]
  0x000001ab31f26800 JavaThread "Monitor Ctrl-Break" daemon [_thread_in_native, id=2528, stack(0x000000599ab00000,0x000000599ac00000)]
  0x000001ab31f28000 JavaThread "ForkJoinPool.commonPool-worker-3" daemon [_thread_blocked, id=7312, stack(0x000000599ad00000,0x000000599ae00000)]
  0x000001ab31f29000 JavaThread "HttpClient-1-SelectorManager" daemon [_thread_in_native, id=25212, stack(0x000000599aa00000,0x000000599ab00000)]
  0x000001ab31f2a000 JavaThread "Thread-2" [_thread_in_native, id=14356, stack(0x000000599af00000,0x000000599b000000)]
  0x000001ab31f24000 JavaThread "Driver Service Executor" daemon [_thread_blocked, id=22172, stack(0x000000599b000000,0x000000599b100000)]
  0x000001ab31f2a800 JavaThread "Driver Service Executor" daemon [_thread_in_native, id=20036, stack(0x000000599b100000,0x000000599b200000)]
  0x000001ab31f25000 JavaThread "UrlChecker-2" daemon [_thread_blocked, id=16228, stack(0x000000599b200000,0x000000599b300000)]
  0x000001ab3318f800 JavaThread "Keep-Alive-Timer" daemon [_thread_blocked, id=23764, stack(0x000000599b400000,0x000000599b500000)]
  0x000001ab33190800 JavaThread "pool-1-thread-1" [_thread_blocked, id=23712, stack(0x000000599b500000,0x000000599b600000)]
  0x000001ab3318f000 JavaThread "pool-1-thread-2" [_thread_blocked, id=19612, stack(0x000000599b600000,0x000000599b700000)]
  0x000001ab3318d800 JavaThread "pool-1-thread-3" [_thread_blocked, id=25240, stack(0x000000599b700000,0x000000599b800000)]
=>0x000001ab327e3800 JavaThread "C2 CompilerThread1" daemon [_thread_in_native, id=7448, stack(0x000000599b800000,0x000000599b900000)]
  0x000001ab338ef000 JavaThread "C2 CompilerThread2" daemon [_thread_blocked, id=12188, stack(0x000000599b900000,0x000000599ba00000)]
  0x000001ab33191800 JavaThread "HttpClient-2-SelectorManager" daemon [_thread_in_native, id=15204, stack(0x000000599c100000,0x000000599c200000)]
  0x000001ab33192000 JavaThread "pool-2-thread-1" [_thread_blocked, id=22372, stack(0x000000599c200000,0x000000599c300000)]
  0x000001ab33193000 JavaThread "pool-2-thread-2" [_thread_blocked, id=21840, stack(0x000000599c300000,0x000000599c400000)]
  0x000001ab33194000 JavaThread "pool-2-thread-3" [_thread_blocked, id=17316, stack(0x000000599c400000,0x000000599c500000)]

Other Threads:
  0x000001ab315a6800 VMThread "VM Thread" [stack: 0x000000599a000000,0x000000599a100000] [id=20136]
  0x000001ab3223c800 WatcherThread [stack: 0x000000599ac00000,0x000000599ad00000] [id=3356]
  0x000001ab13925800 GCTaskThread "GC Thread#0" [stack: 0x0000005999b00000,0x0000005999c00000] [id=2008]
  0x000001ab32ad5800 GCTaskThread "GC Thread#1" [stack: 0x000000599ae00000,0x000000599af00000] [id=16832]
  0x000001ab33858000 GCTaskThread "GC Thread#2" [stack: 0x000000599ba00000,0x000000599bb00000] [id=25184]
  0x000001ab33ea3800 GCTaskThread "GC Thread#3" [stack: 0x000000599bb00000,0x000000599bc00000] [id=25560]
  0x000001ab336af000 GCTaskThread "GC Thread#4" [stack: 0x000000599bc00000,0x000000599bd00000] [id=7084]
  0x000001ab332c8800 GCTaskThread "GC Thread#5" [stack: 0x000000599bd00000,0x000000599be00000] [id=8316]
  0x000001ab332c9800 GCTaskThread "GC Thread#6" [stack: 0x000000599be00000,0x000000599bf00000] [id=3676]
  0x000001ab333e6800 GCTaskThread "GC Thread#7" [stack: 0x000000599bf00000,0x000000599c000000] [id=24900]
  0x000001ab13955000 ConcurrentGCThread "G1 Main Marker" [stack: 0x0000005999c00000,0x0000005999d00000] [id=25108]
  0x000001ab13958000 ConcurrentGCThread "G1 Conc#0" [stack: 0x0000005999d00000,0x0000005999e00000] [id=12808]
  0x000001ab3323e000 ConcurrentGCThread "G1 Conc#1" [stack: 0x000000599c000000,0x000000599c100000] [id=22952]
  0x000001ab313f0800 ConcurrentGCThread "G1 Refine#0" [stack: 0x0000005999e00000,0x0000005999f00000] [id=23628]
  0x000001ab313f1800 ConcurrentGCThread "G1 Young RemSet Sampling" [stack: 0x0000005999f00000,0x000000599a000000] [id=21232]

Threads with active compile tasks:
C2 CompilerThread1     7543 1705       4       java.lang.invoke.MethodType::makeImpl (108 bytes)

VM state:not at safepoint (normal execution)

VM Mutex/Monitor currently owned by a thread: None

Heap address: 0x0000000086600000, size: 1946 MB, Compressed Oops mode: 32-bit
Narrow klass base: 0x0000000000000000, Narrow klass shift: 3
Compressed class space size: 1073741824 Address: 0x0000000100000000

Heap:
 garbage-first heap   total 124928K, used 10365K [0x0000000086600000, 0x0000000100000000)
  region size 1024K, 10 young (10240K), 5 survivors (5120K)
 Metaspace       used 20925K, capacity 21757K, committed 21936K, reserved 1069056K
  class space    used 2358K, capacity 2718K, committed 2816K, reserved 1048576K
Heap Regions: E=young(eden), S=young(survivor), O=old, HS=humongous(starts), HC=humongous(continues), CS=collection set, F=free, A=archive, TAMS=top-at-mark-start (previous, next)
|   0|0x0000000086600000, 0x0000000086700000, 0x0000000086700000|100%| O|  |TAMS 0x0000000086700000, 0x0000000086600000| Untracked 
|   1|0x0000000086700000, 0x00000000867e0800, 0x0000000086800000| 87%| O|  |TAMS 0x00000000867e0800, 0x0000000086700000| Untracked 
|   2|0x0000000086800000, 0x0000000086800000, 0x0000000086900000|  0%| F|  |TAMS 0x0000000086800000, 0x0000000086800000| Untracked 
|   3|0x0000000086900000, 0x0000000086900000, 0x0000000086a00000|  0%| F|  |TAMS 0x0000000086900000, 0x0000000086900000| Untracked 
|   4|0x0000000086a00000, 0x0000000086a00000, 0x0000000086b00000|  0%| F|  |TAMS 0x0000000086a00000, 0x0000000086a00000| Untracked 
|   5|0x0000000086b00000, 0x0000000086b00000, 0x0000000086c00000|  0%| F|  |TAMS 0x0000000086b00000, 0x0000000086b00000| Untracked 
|   6|0x0000000086c00000, 0x0000000086c00000, 0x0000000086d00000|  0%| F|  |TAMS 0x0000000086c00000, 0x0000000086c00000| Untracked 
|   7|0x0000000086d00000, 0x0000000086d00000, 0x0000000086e00000|  0%| F|  |TAMS 0x0000000086d00000, 0x0000000086d00000| Untracked 
|   8|0x0000000086e00000, 0x0000000086e00000, 0x0000000086f00000|  0%| F|  |TAMS 0x0000000086e00000, 0x0000000086e00000| Untracked 
|   9|0x0000000086f00000, 0x0000000086f00000, 0x0000000087000000|  0%| F|  |TAMS 0x0000000086f00000, 0x0000000086f00000| Untracked 
|  10|0x0000000087000000, 0x0000000087000000, 0x0000000087100000|  0%| F|  |TAMS 0x0000000087000000, 0x0000000087000000| Untracked 
|  11|0x0000000087100000, 0x0000000087100000, 0x0000000087200000|  0%| F|  |TAMS 0x0000000087100000, 0x0000000087100000| Untracked 
|  12|0x0000000087200000, 0x0000000087200000, 0x0000000087300000|  0%| F|  |TAMS 0x0000000087200000, 0x0000000087200000| Untracked 
|  13|0x0000000087300000, 0x0000000087300000, 0x0000000087400000|  0%| F|  |TAMS 0x0000000087300000, 0x0000000087300000| Untracked 
|  14|0x0000000087400000, 0x0000000087400000, 0x0000000087500000|  0%| F|  |TAMS 0x0000000087400000, 0x0000000087400000| Untracked 
|  15|0x0000000087500000, 0x0000000087500000, 0x0000000087600000|  0%| F|  |TAMS 0x0000000087500000, 0x0000000087500000| Untracked 
|  16|0x0000000087600000, 0x0000000087600000, 0x0000000087700000|  0%| F|  |TAMS 0x0000000087600000, 0x0000000087600000| Untracked 
|  17|0x0000000087700000, 0x0000000087700000, 0x0000000087800000|  0%| F|  |TAMS 0x0000000087700000, 0x0000000087700000| Untracked 
|  18|0x0000000087800000, 0x0000000087800000, 0x0000000087900000|  0%| F|  |TAMS 0x0000000087800000, 0x0000000087800000| Untracked 
|  19|0x0000000087900000, 0x0000000087900000, 0x0000000087a00000|  0%| F|  |TAMS 0x0000000087900000, 0x0000000087900000| Untracked 
|  20|0x0000000087a00000, 0x0000000087a00000, 0x0000000087b00000|  0%| F|  |TAMS 0x0000000087a00000, 0x0000000087a00000| Untracked 
|  21|0x0000000087b00000, 0x0000000087b00000, 0x0000000087c00000|  0%| F|  |TAMS 0x0000000087b00000, 0x0000000087b00000| Untracked 
|  22|0x0000000087c00000, 0x0000000087c00000, 0x0000000087d00000|  0%| F|  |TAMS 0x0000000087c00000, 0x0000000087c00000| Untracked 
|  23|0x0000000087d00000, 0x0000000087d00000, 0x0000000087e00000|  0%| F|  |TAMS 0x0000000087d00000, 0x0000000087d00000| Untracked 
|  24|0x0000000087e00000, 0x0000000087e00000, 0x0000000087f00000|  0%| F|  |TAMS 0x0000000087e00000, 0x0000000087e00000| Untracked 
|  25|0x0000000087f00000, 0x0000000087f00000, 0x0000000088000000|  0%| F|  |TAMS 0x0000000087f00000, 0x0000000087f00000| Untracked 
|  26|0x0000000088000000, 0x0000000088000000, 0x0000000088100000|  0%| F|  |TAMS 0x0000000088000000, 0x0000000088000000| Untracked 
|  27|0x0000000088100000, 0x0000000088100000, 0x0000000088200000|  0%| F|  |TAMS 0x0000000088100000, 0x0000000088100000| Untracked 
|  28|0x0000000088200000, 0x0000000088200000, 0x0000000088300000|  0%| F|  |TAMS 0x0000000088200000, 0x0000000088200000| Untracked 
|  29|0x0000000088300000, 0x0000000088300000, 0x0000000088400000|  0%| F|  |TAMS 0x0000000088300000, 0x0000000088300000| Untracked 
|  30|0x0000000088400000, 0x0000000088400000, 0x0000000088500000|  0%| F|  |TAMS 0x0000000088400000, 0x0000000088400000| Untracked 
|  31|0x0000000088500000, 0x0000000088500000, 0x0000000088600000|  0%| F|  |TAMS 0x0000000088500000, 0x0000000088500000| Untracked 
|  32|0x0000000088600000, 0x0000000088600000, 0x0000000088700000|  0%| F|  |TAMS 0x0000000088600000, 0x0000000088600000| Untracked 
|  33|0x0000000088700000, 0x0000000088700000, 0x0000000088800000|  0%| F|  |TAMS 0x0000000088700000, 0x0000000088700000| Untracked 
|  34|0x0000000088800000, 0x0000000088800000, 0x0000000088900000|  0%| F|  |TAMS 0x0000000088800000, 0x0000000088800000| Untracked 
|  35|0x0000000088900000, 0x0000000088900000, 0x0000000088a00000|  0%| F|  |TAMS 0x0000000088900000, 0x0000000088900000| Untracked 
|  36|0x0000000088a00000, 0x0000000088a00000, 0x0000000088b00000|  0%| F|  |TAMS 0x0000000088a00000, 0x0000000088a00000| Untracked 
|  37|0x0000000088b00000, 0x0000000088b00000, 0x0000000088c00000|  0%| F|  |TAMS 0x0000000088b00000, 0x0000000088b00000| Untracked 
|  38|0x0000000088c00000, 0x0000000088c00000, 0x0000000088d00000|  0%| F|  |TAMS 0x0000000088c00000, 0x0000000088c00000| Untracked 
|  39|0x0000000088d00000, 0x0000000088d00000, 0x0000000088e00000|  0%| F|  |TAMS 0x0000000088d00000, 0x0000000088d00000| Untracked 
|  40|0x0000000088e00000, 0x0000000088e00000, 0x0000000088f00000|  0%| F|  |TAMS 0x0000000088e00000, 0x0000000088e00000| Untracked 
|  41|0x0000000088f00000, 0x0000000088f00000, 0x0000000089000000|  0%| F|  |TAMS 0x0000000088f00000, 0x0000000088f00000| Untracked 
|  42|0x0000000089000000, 0x0000000089000000, 0x0000000089100000|  0%| F|  |TAMS 0x0000000089000000, 0x0000000089000000| Untracked 
|  43|0x0000000089100000, 0x0000000089100000, 0x0000000089200000|  0%| F|  |TAMS 0x0000000089100000, 0x0000000089100000| Untracked 
|  44|0x0000000089200000, 0x0000000089200000, 0x0000000089300000|  0%| F|  |TAMS 0x0000000089200000, 0x0000000089200000| Untracked 
|  45|0x0000000089300000, 0x0000000089300000, 0x0000000089400000|  0%| F|  |TAMS 0x0000000089300000, 0x0000000089300000| Untracked 
|  46|0x0000000089400000, 0x0000000089400000, 0x0000000089500000|  0%| F|  |TAMS 0x0000000089400000, 0x0000000089400000| Untracked 
|  47|0x0000000089500000, 0x0000000089500000, 0x0000000089600000|  0%| F|  |TAMS 0x0000000089500000, 0x0000000089500000| Untracked 
|  48|0x0000000089600000, 0x0000000089600000, 0x0000000089700000|  0%| F|  |TAMS 0x0000000089600000, 0x0000000089600000| Untracked 
|  49|0x0000000089700000, 0x0000000089700000, 0x0000000089800000|  0%| F|  |TAMS 0x0000000089700000, 0x0000000089700000| Untracked 
|  50|0x0000000089800000, 0x0000000089800000, 0x0000000089900000|  0%| F|  |TAMS 0x0000000089800000, 0x0000000089800000| Untracked 
|  51|0x0000000089900000, 0x0000000089900000, 0x0000000089a00000|  0%| F|  |TAMS 0x0000000089900000, 0x0000000089900000| Untracked 
|  52|0x0000000089a00000, 0x0000000089a00000, 0x0000000089b00000|  0%| F|  |TAMS 0x0000000089a00000, 0x0000000089a00000| Untracked 
|  53|0x0000000089b00000, 0x0000000089b00000, 0x0000000089c00000|  0%| F|  |TAMS 0x0000000089b00000, 0x0000000089b00000| Untracked 
|  54|0x0000000089c00000, 0x0000000089c00000, 0x0000000089d00000|  0%| F|  |TAMS 0x0000000089c00000, 0x0000000089c00000| Untracked 
|  55|0x0000000089d00000, 0x0000000089d00000, 0x0000000089e00000|  0%| F|  |TAMS 0x0000000089d00000, 0x0000000089d00000| Untracked 
|  56|0x0000000089e00000, 0x0000000089e00000, 0x0000000089f00000|  0%| F|  |TAMS 0x0000000089e00000, 0x0000000089e00000| Untracked 
|  57|0x0000000089f00000, 0x0000000089f00000, 0x000000008a000000|  0%| F|  |TAMS 0x0000000089f00000, 0x0000000089f00000| Untracked 
|  58|0x000000008a000000, 0x000000008a000000, 0x000000008a100000|  0%| F|  |TAMS 0x000000008a000000, 0x000000008a000000| Untracked 
|  59|0x000000008a100000, 0x000000008a100000, 0x000000008a200000|  0%| F|  |TAMS 0x000000008a100000, 0x000000008a100000| Untracked 
|  60|0x000000008a200000, 0x000000008a200000, 0x000000008a300000|  0%| F|  |TAMS 0x000000008a200000, 0x000000008a200000| Untracked 
|  61|0x000000008a300000, 0x000000008a300000, 0x000000008a400000|  0%| F|  |TAMS 0x000000008a300000, 0x000000008a300000| Untracked 
|  62|0x000000008a400000, 0x000000008a400000, 0x000000008a500000|  0%| F|  |TAMS 0x000000008a400000, 0x000000008a400000| Untracked 
|  63|0x000000008a500000, 0x000000008a500000, 0x000000008a600000|  0%| F|  |TAMS 0x000000008a500000, 0x000000008a500000| Untracked 
|  64|0x000000008a600000, 0x000000008a600000, 0x000000008a700000|  0%| F|  |TAMS 0x000000008a600000, 0x000000008a600000| Untracked 
|  65|0x000000008a700000, 0x000000008a700000, 0x000000008a800000|  0%| F|  |TAMS 0x000000008a700000, 0x000000008a700000| Untracked 
|  66|0x000000008a800000, 0x000000008a800000, 0x000000008a900000|  0%| F|  |TAMS 0x000000008a800000, 0x000000008a800000| Untracked 
|  67|0x000000008a900000, 0x000000008a900000, 0x000000008aa00000|  0%| F|  |TAMS 0x000000008a900000, 0x000000008a900000| Untracked 
|  68|0x000000008aa00000, 0x000000008aa00000, 0x000000008ab00000|  0%| F|  |TAMS 0x000000008aa00000, 0x000000008aa00000| Untracked 
|  69|0x000000008ab00000, 0x000000008ab00000, 0x000000008ac00000|  0%| F|  |TAMS 0x000000008ab00000, 0x000000008ab00000| Untracked 
|  70|0x000000008ac00000, 0x000000008ac00000, 0x000000008ad00000|  0%| F|  |TAMS 0x000000008ac00000, 0x000000008ac00000| Untracked 
|  71|0x000000008ad00000, 0x000000008ad00000, 0x000000008ae00000|  0%| F|  |TAMS 0x000000008ad00000, 0x000000008ad00000| Untracked 
|  72|0x000000008ae00000, 0x000000008ae00000, 0x000000008af00000|  0%| F|  |TAMS 0x000000008ae00000, 0x000000008ae00000| Untracked 
|  73|0x000000008af00000, 0x000000008af00000, 0x000000008b000000|  0%| F|  |TAMS 0x000000008af00000, 0x000000008af00000| Untracked 
|  74|0x000000008b000000, 0x000000008b000000, 0x000000008b100000|  0%| F|  |TAMS 0x000000008b000000, 0x000000008b000000| Untracked 
|  75|0x000000008b100000, 0x000000008b100000, 0x000000008b200000|  0%| F|  |TAMS 0x000000008b100000, 0x000000008b100000| Untracked 
|  76|0x000000008b200000, 0x000000008b200000, 0x000000008b300000|  0%| F|  |TAMS 0x000000008b200000, 0x000000008b200000| Untracked 
|  77|0x000000008b300000, 0x000000008b300000, 0x000000008b400000|  0%| F|  |TAMS 0x000000008b300000, 0x000000008b300000| Untracked 
|  78|0x000000008b400000, 0x000000008b400000, 0x000000008b500000|  0%| F|  |TAMS 0x000000008b400000, 0x000000008b400000| Untracked 
|  79|0x000000008b500000, 0x000000008b500000, 0x000000008b600000|  0%| F|  |TAMS 0x000000008b500000, 0x000000008b500000| Untracked 
|  80|0x000000008b600000, 0x000000008b600000, 0x000000008b700000|  0%| F|  |TAMS 0x000000008b600000, 0x000000008b600000| Untracked 
|  81|0x000000008b700000, 0x000000008b700000, 0x000000008b800000|  0%| F|  |TAMS 0x000000008b700000, 0x000000008b700000| Untracked 
|  82|0x000000008b800000, 0x000000008b800000, 0x000000008b900000|  0%| F|  |TAMS 0x000000008b800000, 0x000000008b800000| Untracked 
|  83|0x000000008b900000, 0x000000008b900000, 0x000000008ba00000|  0%| F|  |TAMS 0x000000008b900000, 0x000000008b900000| Untracked 
|  84|0x000000008ba00000, 0x000000008ba00000, 0x000000008bb00000|  0%| F|  |TAMS 0x000000008ba00000, 0x000000008ba00000| Untracked 
|  85|0x000000008bb00000, 0x000000008bb00000, 0x000000008bc00000|  0%| F|  |TAMS 0x000000008bb00000, 0x000000008bb00000| Untracked 
|  86|0x000000008bc00000, 0x000000008bc00000, 0x000000008bd00000|  0%| F|  |TAMS 0x000000008bc00000, 0x000000008bc00000| Untracked 
|  87|0x000000008bd00000, 0x000000008bd00000, 0x000000008be00000|  0%| F|  |TAMS 0x000000008bd00000, 0x000000008bd00000| Untracked 
|  88|0x000000008be00000, 0x000000008be00000, 0x000000008bf00000|  0%| F|  |TAMS 0x000000008be00000, 0x000000008be00000| Untracked 
|  89|0x000000008bf00000, 0x000000008bf00000, 0x000000008c000000|  0%| F|  |TAMS 0x000000008bf00000, 0x000000008bf00000| Untracked 
|  90|0x000000008c000000, 0x000000008c03ef08, 0x000000008c100000| 24%| S|CS|TAMS 0x000000008c000000, 0x000000008c000000| Complete 
|  91|0x000000008c100000, 0x000000008c200000, 0x000000008c200000|100%| S|CS|TAMS 0x000000008c100000, 0x000000008c100000| Complete 
|  92|0x000000008c200000, 0x000000008c300000, 0x000000008c300000|100%| S|CS|TAMS 0x000000008c200000, 0x000000008c200000| Complete 
|  93|0x000000008c300000, 0x000000008c400000, 0x000000008c400000|100%| S|CS|TAMS 0x000000008c300000, 0x000000008c300000| Complete 
|  94|0x000000008c400000, 0x000000008c500000, 0x000000008c500000|100%| S|CS|TAMS 0x000000008c400000, 0x000000008c400000| Complete 
|  95|0x000000008c500000, 0x000000008c500000, 0x000000008c600000|  0%| F|  |TAMS 0x000000008c500000, 0x000000008c500000| Untracked 
|  96|0x000000008c600000, 0x000000008c600000, 0x000000008c700000|  0%| F|  |TAMS 0x000000008c600000, 0x000000008c600000| Untracked 
|  97|0x000000008c700000, 0x000000008c700000, 0x000000008c800000|  0%| F|  |TAMS 0x000000008c700000, 0x000000008c700000| Untracked 
|  98|0x000000008c800000, 0x000000008c800000, 0x000000008c900000|  0%| F|  |TAMS 0x000000008c800000, 0x000000008c800000| Untracked 
|  99|0x000000008c900000, 0x000000008c900000, 0x000000008ca00000|  0%| F|  |TAMS 0x000000008c900000, 0x000000008c900000| Untracked 
| 100|0x000000008ca00000, 0x000000008ca00000, 0x000000008cb00000|  0%| F|  |TAMS 0x000000008ca00000, 0x000000008ca00000| Untracked 
| 101|0x000000008cb00000, 0x000000008cb00000, 0x000000008cc00000|  0%| F|  |TAMS 0x000000008cb00000, 0x000000008cb00000| Untracked 
| 102|0x000000008cc00000, 0x000000008cc00000, 0x000000008cd00000|  0%| F|  |TAMS 0x000000008cc00000, 0x000000008cc00000| Untracked 
| 103|0x000000008cd00000, 0x000000008cd00000, 0x000000008ce00000|  0%| F|  |TAMS 0x000000008cd00000, 0x000000008cd00000| Untracked 
| 104|0x000000008ce00000, 0x000000008ce00000, 0x000000008cf00000|  0%| F|  |TAMS 0x000000008ce00000, 0x000000008ce00000| Untracked 
| 105|0x000000008cf00000, 0x000000008cf00000, 0x000000008d000000|  0%| F|  |TAMS 0x000000008cf00000, 0x000000008cf00000| Untracked 
| 106|0x000000008d000000, 0x000000008d000000, 0x000000008d100000|  0%| F|  |TAMS 0x000000008d000000, 0x000000008d000000| Untracked 
| 107|0x000000008d100000, 0x000000008d100000, 0x000000008d200000|  0%| F|  |TAMS 0x000000008d100000, 0x000000008d100000| Untracked 
| 108|0x000000008d200000, 0x000000008d200000, 0x000000008d300000|  0%| F|  |TAMS 0x000000008d200000, 0x000000008d200000| Untracked 
| 109|0x000000008d300000, 0x000000008d300000, 0x000000008d400000|  0%| F|  |TAMS 0x000000008d300000, 0x000000008d300000| Untracked 
| 110|0x000000008d400000, 0x000000008d400000, 0x000000008d500000|  0%| F|  |TAMS 0x000000008d400000, 0x000000008d400000| Untracked 
| 111|0x000000008d500000, 0x000000008d500000, 0x000000008d600000|  0%| F|  |TAMS 0x000000008d500000, 0x000000008d500000| Untracked 
| 112|0x000000008d600000, 0x000000008d600000, 0x000000008d700000|  0%| F|  |TAMS 0x000000008d600000, 0x000000008d600000| Untracked 
| 113|0x000000008d700000, 0x000000008d700000, 0x000000008d800000|  0%| F|  |TAMS 0x000000008d700000, 0x000000008d700000| Untracked 
| 114|0x000000008d800000, 0x000000008d800000, 0x000000008d900000|  0%| F|  |TAMS 0x000000008d800000, 0x000000008d800000| Untracked 
| 115|0x000000008d900000, 0x000000008d900000, 0x000000008da00000|  0%| F|  |TAMS 0x000000008d900000, 0x000000008d900000| Untracked 
| 116|0x000000008da00000, 0x000000008da00000, 0x000000008db00000|  0%| F|  |TAMS 0x000000008da00000, 0x000000008da00000| Untracked 
| 117|0x000000008db00000, 0x000000008dc00000, 0x000000008dc00000|100%| E|  |TAMS 0x000000008db00000, 0x000000008db00000| Complete 
| 118|0x000000008dc00000, 0x000000008dd00000, 0x000000008dd00000|100%| E|CS|TAMS 0x000000008dc00000, 0x000000008dc00000| Complete 
| 119|0x000000008dd00000, 0x000000008de00000, 0x000000008de00000|100%| E|CS|TAMS 0x000000008dd00000, 0x000000008dd00000| Complete 
| 120|0x000000008de00000, 0x000000008df00000, 0x000000008df00000|100%| E|CS|TAMS 0x000000008de00000, 0x000000008de00000| Complete 
| 121|0x000000008df00000, 0x000000008e000000, 0x000000008e000000|100%| E|CS|TAMS 0x000000008df00000, 0x000000008df00000| Complete 

Card table byte_map: [0x000001ab2a6e0000,0x000001ab2aab0000] _byte_map_base: 0x000001ab2a2ad000

Marking Bits (Prev, Next): (CMBitMap*) 0x000001ab1394c730, (CMBitMap*) 0x000001ab1394c6f8
 Prev Bits: [0x000001ab2ccf0000, 0x000001ab2eb58000)
 Next Bits: [0x000001ab2ae80000, 0x000001ab2cce8000)

Polling page: 0x000001ab130e0000

Metaspace:

Usage:
  Non-class:     18.59 MB capacity,    18.13 MB ( 98%) used,   384.45 KB (  2%) free+waste,    88.38 KB ( <1%) overhead. 
      Class:      2.65 MB capacity,     2.30 MB ( 87%) used,   312.79 KB ( 12%) free+waste,    46.38 KB (  2%) overhead. 
       Both:     21.25 MB capacity,    20.43 MB ( 96%) used,   697.24 KB (  3%) free+waste,   134.75 KB ( <1%) overhead. 

Virtual space:
  Non-class space:       20.00 MB reserved,      18.67 MB ( 93%) committed 
      Class space:        1.00 GB reserved,       2.75 MB ( <1%) committed 
             Both:        1.02 GB reserved,      21.42 MB (  2%) committed 

Chunk freelists:
   Non-Class:  4.12 KB
       Class:  256 bytes
        Both:  4.38 KB

CodeHeap 'non-profiled nmethods': size=120000Kb used=647Kb max_used=647Kb free=119352Kb
 bounds [0x000001ab22ab0000, 0x000001ab22d20000, 0x000001ab29fe0000]
CodeHeap 'profiled nmethods': size=120000Kb used=3505Kb max_used=3505Kb free=116494Kb
 bounds [0x000001ab1b580000, 0x000001ab1b8f0000, 0x000001ab22ab0000]
CodeHeap 'non-nmethods': size=5760Kb used=1164Kb max_used=1191Kb free=4596Kb
 bounds [0x000001ab1afe0000, 0x000001ab1b250000, 0x000001ab1b580000]
 total_blobs=2343 nmethods=1844 adapters=410
 compilation: enabled
              stopped_count=0, restarted_count=0
 full_count=0

Compilation events (10 events):
Event: 7.325 Thread 0x000001ab315d6800 nmethod 1842 0x000001ab1b8eae90 code [0x000001ab1b8eb080, 0x000001ab1b8eb4d8]
Event: 7.325 Thread 0x000001ab315d6800 1843       3       jdk.internal.misc.Unsafe::weakCompareAndSetLong (11 bytes)
Event: 7.326 Thread 0x000001ab315d6800 nmethod 1843 0x000001ab1b8eb690 code [0x000001ab1b8eb820, 0x000001ab1b8eb938]
Event: 7.326 Thread 0x000001ab338ef000 1844       4       jdk.internal.org.objectweb.asm.MethodWriter::visitEnd (1 bytes)
Event: 7.327 Thread 0x000001ab338ef000 nmethod 1844 0x000001ab22b4fb10 code [0x000001ab22b4fc80, 0x000001ab22b4fcd8]
Event: 7.328 Thread 0x000001ab315d6800 1845       3       java.util.TreeMap::rotateLeft (96 bytes)
Event: 7.329 Thread 0x000001ab315d6800 nmethod 1845 0x000001ab1b8eba10 code [0x000001ab1b8ebbe0, 0x000001ab1b8ec0f8]
Event: 7.331 Thread 0x000001ab315d6800 1846       3       jdk.internal.misc.Unsafe::getAndAddLong (27 bytes)
Event: 7.332 Thread 0x000001ab315d6800 nmethod 1846 0x000001ab1b8ec210 code [0x000001ab1b8ec3c0, 0x000001ab1b8ec618]
Event: 7.341 Thread 0x000001ab315d1800 nmethod 1826% 0x000001ab22b50190 code [0x000001ab22b50360, 0x000001ab22b51748]

GC Heap History (4 events):
Event: 3.590 GC heap before
{Heap before GC invocations=0 (full 0):
 garbage-first heap   total 124928K, used 23552K [0x0000000086600000, 0x0000000100000000)
  region size 1024K, 24 young (24576K), 0 survivors (0K)
 Metaspace       used 15833K, capacity 16234K, committed 16512K, reserved 1064960K
  class space    used 1651K, capacity 1795K, committed 1920K, reserved 1048576K
}
Event: 3.617 GC heap after
{Heap after GC invocations=1 (full 0):
 garbage-first heap   total 124928K, used 4994K [0x0000000086600000, 0x0000000100000000)
  region size 1024K, 3 young (3072K), 3 survivors (3072K)
 Metaspace       used 15833K, capacity 16234K, committed 16512K, reserved 1064960K
  class space    used 1651K, capacity 1795K, committed 1920K, reserved 1048576K
}
Event: 7.036 GC heap before
{Heap before GC invocations=1 (full 0):
 garbage-first heap   total 124928K, used 28546K [0x0000000086600000, 0x0000000100000000)
  region size 1024K, 27 young (27648K), 3 survivors (3072K)
 Metaspace       used 20311K, capacity 21131K, committed 21296K, reserved 1069056K
  class space    used 2276K, capacity 2615K, committed 2688K, reserved 1048576K
}
Event: 7.065 GC heap after
{Heap after GC invocations=2 (full 0):
 garbage-first heap   total 124928K, used 6269K [0x0000000086600000, 0x0000000100000000)
  region size 1024K, 5 young (5120K), 5 survivors (5120K)
 Metaspace       used 20311K, capacity 21131K, committed 21296K, reserved 1069056K
  class space    used 2276K, capacity 2615K, committed 2688K, reserved 1048576K
}

Deoptimization events (10 events):
Event: 0.910 Thread 0x000001ab13911000 Uncommon trap: reason=unstable_if action=reinterpret pc=0x000001ab22ad60d0 method=java.lang.String.startsWith(Ljava/lang/String;I)Z @ 14 c2
Event: 1.035 Thread 0x000001ab13911000 Uncommon trap: reason=unstable_if action=reinterpret pc=0x000001ab22ac62e0 method=java.io.WinNTFileSystem.isSlash(C)Z @ 9 c2
Event: 1.072 Thread 0x000001ab13911000 Uncommon trap: reason=unstable_if action=reinterpret pc=0x000001ab22ac703c method=sun.nio.fs.WindowsPathParser.isSlash(C)Z @ 9 c2
Event: 2.290 Thread 0x000001ab13911000 Uncommon trap: reason=unstable_if action=reinterpret pc=0x000001ab22ac9eec method=java.util.HashMap.putVal(ILjava/lang/Object;Ljava/lang/Object;ZZ)Ljava/lang/Object; @ 181 c2
Event: 2.503 Thread 0x000001ab13911000 Uncommon trap: reason=unstable_if action=reinterpret pc=0x000001ab22ae8bdc method=java.lang.String.startsWith(Ljava/lang/String;I)Z @ 1 c2
Event: 2.565 Thread 0x000001ab13911000 Uncommon trap: reason=class_check action=maybe_recompile pc=0x000001ab22afc34c method=java.util.HashMap.putVal(ILjava/lang/Object;Ljava/lang/Object;ZZ)Ljava/lang/Object; @ 203 c2
Event: 2.566 Thread 0x000001ab13911000 Uncommon trap: reason=class_check action=maybe_recompile pc=0x000001ab22afc34c method=java.util.HashMap.putVal(ILjava/lang/Object;Ljava/lang/Object;ZZ)Ljava/lang/Object; @ 203 c2
Event: 3.662 Thread 0x000001ab13911000 Uncommon trap: reason=unstable_if action=reinterpret pc=0x000001ab22b04ba4 method=java.util.concurrent.ConcurrentHashMap.addCount(JI)V @ 121 c2
Event: 4.015 Thread 0x000001ab13911000 Uncommon trap: reason=unstable_if action=reinterpret pc=0x000001ab22b13898 method=java.io.ByteArrayInputStream.read([BII)I @ 35 c2
Event: 6.861 Thread 0x000001ab13911000 Uncommon trap: reason=class_check action=maybe_recompile pc=0x000001ab22b01370 method=java.util.HashMap.putVal(ILjava/lang/Object;Ljava/lang/Object;ZZ)Ljava/lang/Object; @ 91 c2

Classes redefined (0 events):
No events

Internal exceptions (10 events):
Event: 4.264 Thread 0x000001ab33190800 Exception <a 'java/lang/NoSuchMethodError'{0x000000008d2fe880}: java.lang.invoke.DirectMethodHandle$Holder.invokeStatic(Ljava/lang/Object;Ljava/lang/Object;Ljava/lang/Object;Ljava/lang/Object;Ljava/lang/Object;Ljava/lang/Object;Ljava/lang/Object;Ljava/lan
Event: 4.266 Thread 0x000001ab33190800 Exception <a 'java/lang/NoSuchMethodError'{0x000000008d10cae8}: java.lang.invoke.DirectMethodHandle$Holder.invokeSpecial(Ljava/lang/Object;Ljava/lang/Object;IILjava/lang/Object;Ljava/lang/Object;I)Ljava/lang/Object;> (0x000000008d10cae8) thrown at [./open
Event: 4.267 Thread 0x000001ab33190800 Exception <a 'java/lang/NoSuchMethodError'{0x000000008d10ff68}: java.lang.invoke.DelegatingMethodHandle$Holder.reinvoke_L(Ljava/lang/Object;IILjava/lang/Object;Ljava/lang/Object;I)Ljava/lang/Object;> (0x000000008d10ff68) thrown at [./open/src/hotspot/shar
Event: 4.268 Thread 0x000001ab33190800 Exception <a 'java/lang/NoSuchMethodError'{0x000000008d114058}: java.lang.invoke.DirectMethodHandle$Holder.invokeStatic(Ljava/lang/Object;Ljava/lang/Object;Ljava/lang/Object;Ljava/lang/Object;I)Ljava/lang/Object;> (0x000000008d114058) thrown at [./open/sr
Event: 4.279 Thread 0x000001ab33190800 Exception <a 'java/lang/NoSuchMethodError'{0x000000008d15c7c0}: java.lang.invoke.DirectMethodHandle$Holder.invokeSpecial(Ljava/lang/Object;Ljava/lang/Object;Ljava/lang/Object;Ljava/lang/Object;I)Ljava/lang/Object;> (0x000000008d15c7c0) thrown at [./open/s
Event: 4.279 Thread 0x000001ab33190800 Exception <a 'java/lang/NoSuchMethodError'{0x000000008d15f820}: java.lang.invoke.Invokers$Holder.linkToTargetMethod(Ljava/lang/Object;Ljava/lang/Object;ILjava/lang/Object;)Ljava/lang/Object;> (0x000000008d15f820) thrown at [./open/src/hotspot/share/interp
Event: 4.327 Thread 0x000001ab33190800 Exception <a 'java/lang/NoSuchMethodError'{0x000000008d1b9ff0}: java.lang.invoke.DirectMethodHandle$Holder.invokeSpecial(Ljava/lang/Object;Ljava/lang/Object;Ljava/lang/Object;Ljava/lang/Object;Ljava/lang/Object;)V> (0x000000008d1b9ff0) thrown at [./open/s
Event: 4.341 Thread 0x000001ab33190800 Exception <a 'java/lang/NoSuchMethodError'{0x000000008d1dd330}: java.lang.invoke.DirectMethodHandle$Holder.invokeStatic(Ljava/lang/Object;JJ)J> (0x000000008d1dd330) thrown at [./open/src/hotspot/share/interpreter/linkResolver.cpp, line 772]
Event: 6.622 Thread 0x000001ab33190800 Exception <a 'java/lang/NoSuchMethodError'{0x000000008cf9b430}: java.lang.invoke.DirectMethodHandle$Holder.invokeSpecial(Ljava/lang/Object;Ljava/lang/Object;Ljava/lang/Object;Ljava/lang/Object;Ljava/lang/Object;Ljava/lang/Object;Ljava/lang/Object;)V> (0x0
Event: 6.845 Thread 0x000001ab13911000 Exception <a 'java/lang/NoSuchMethodError'{0x000000008cb8ea08}: java.lang.invoke.DirectMethodHandle$Holder.invokeSpecialIFC(Ljava/lang/Object;Ljava/lang/Object;Ljava/lang/Object;)Ljava/lang/Object;> (0x000000008cb8ea08) thrown at [./open/src/hotspot/share

Events (10 events):
Event: 7.326 loading class jdk/internal/net/http/HttpConnection
Event: 7.326 loading class jdk/internal/net/http/HttpConnection done
Event: 7.326 loading class jdk/internal/net/http/HttpConnection
Event: 7.326 loading class jdk/internal/net/http/HttpConnection done
Event: 7.326 loading class jdk/internal/net/http/ConnectionPool
Event: 7.326 loading class jdk/internal/net/http/ConnectionPool done
Event: 7.327 Executing VM operation: BulkRevokeBias
Event: 7.328 Executing VM operation: BulkRevokeBias done
Event: 7.330 Executing VM operation: RevokeBias
Event: 7.330 Executing VM operation: RevokeBias done


Dynamic libraries:
0x00007ff761e60000 - 0x00007ff761e70000 	C:\Program Files\Java\jdk-11\bin\java.exe
0x00007ffff5430000 - 0x00007ffff5647000 	C:\WINDOWS\SYSTEM32\ntdll.dll
0x00007ffff3da0000 - 0x00007ffff3e64000 	C:\WINDOWS\System32\KERNEL32.DLL
0x00007ffff2c00000 - 0x00007ffff2fa6000 	C:\WINDOWS\System32\KERNELBASE.dll
0x00007ffff2940000 - 0x00007ffff2a51000 	C:\WINDOWS\System32\ucrtbase.dll
0x00007fffd6a30000 - 0x00007fffd6a49000 	C:\Program Files\Java\jdk-11\bin\jli.dll
0x00007fffdd1d0000 - 0x00007fffdd1eb000 	C:\Program Files\Java\jdk-11\bin\VCRUNTIME140.dll
0x00007ffff3650000 - 0x00007ffff3700000 	C:\WINDOWS\System32\ADVAPI32.dll
0x00007ffff3190000 - 0x00007ffff3237000 	C:\WINDOWS\System32\msvcrt.dll
0x00007ffff52a0000 - 0x00007ffff5346000 	C:\WINDOWS\System32\sechost.dll
0x00007ffff5180000 - 0x00007ffff5297000 	C:\WINDOWS\System32\RPCRT4.dll
0x00007ffff3300000 - 0x00007ffff34ad000 	C:\WINDOWS\System32\USER32.dll
0x00007ffff2a60000 - 0x00007ffff2a86000 	C:\WINDOWS\System32\win32u.dll
0x00007ffff1a10000 - 0x00007ffff1ca3000 	C:\WINDOWS\WinSxS\amd64_microsoft.windows.common-controls_6595b64144ccf1df_6.0.22621.2361_none_2712ced57382f843\COMCTL32.dll
0x00007ffff3700000 - 0x00007ffff3729000 	C:\WINDOWS\System32\GDI32.dll
0x00007ffff2820000 - 0x00007ffff2938000 	C:\WINDOWS\System32\gdi32full.dll
0x00007ffff3030000 - 0x00007ffff30ca000 	C:\WINDOWS\System32\msvcp_win.dll
0x00007fffef500000 - 0x00007fffef50a000 	C:\WINDOWS\SYSTEM32\VERSION.dll
0x00007ffff4e00000 - 0x00007ffff4e31000 	C:\WINDOWS\System32\IMM32.DLL
0x00007fffe1480000 - 0x00007fffe148c000 	C:\Program Files\Java\jdk-11\bin\vcruntime140_1.dll
0x00007fffb3b20000 - 0x00007fffb3bae000 	C:\Program Files\Java\jdk-11\bin\msvcp140.dll
0x00007fff1f200000 - 0x00007fff1fd6c000 	C:\Program Files\Java\jdk-11\bin\server\jvm.dll
0x00007ffff5350000 - 0x00007ffff5358000 	C:\WINDOWS\System32\PSAPI.DLL
0x00007fffd25f0000 - 0x00007fffd25f9000 	C:\WINDOWS\SYSTEM32\WSOCK32.dll
0x00007fffead10000 - 0x00007fffead44000 	C:\WINDOWS\SYSTEM32\WINMM.dll
0x00007ffff5000000 - 0x00007ffff5071000 	C:\WINDOWS\System32\WS2_32.dll
0x00007ffff0970000 - 0x00007ffff0988000 	C:\WINDOWS\SYSTEM32\kernel.appcore.dll
0x00007fffdd1c0000 - 0x00007fffdd1d0000 	C:\Program Files\Java\jdk-11\bin\verify.dll
0x00007ffff2130000 - 0x00007ffff235e000 	C:\WINDOWS\SYSTEM32\DBGHELP.DLL
0x00007ffff3950000 - 0x00007ffff3cda000 	C:\WINDOWS\System32\combase.dll
0x00007ffff44c0000 - 0x00007ffff4597000 	C:\WINDOWS\System32\OLEAUT32.dll
0x00007ffff1fa0000 - 0x00007ffff1fd2000 	C:\WINDOWS\SYSTEM32\dbgcore.DLL
0x00007ffff2fb0000 - 0x00007ffff302a000 	C:\WINDOWS\System32\bcryptPrimitives.dll
0x00007fffc5a20000 - 0x00007fffc5a48000 	C:\Program Files\Java\jdk-11\bin\java.dll
0x00007fffdd190000 - 0x00007fffdd19a000 	C:\Program Files\Java\jdk-11\bin\jimage.dll
0x00007fffed920000 - 0x00007fffed92e000 	C:\Program Files\Java\jdk-11\bin\instrument.dll
0x00007fffc4960000 - 0x00007fffc4977000 	C:\Program Files\Java\jdk-11\bin\zip.dll
0x00007ffff45a0000 - 0x00007ffff4df8000 	C:\WINDOWS\System32\SHELL32.dll
0x00007fffef820000 - 0x00007ffff0112000 	C:\WINDOWS\SYSTEM32\windows.storage.dll
0x00007fffef6e0000 - 0x00007fffef81e000 	C:\WINDOWS\SYSTEM32\wintypes.dll
0x00007ffff34b0000 - 0x00007ffff35a3000 	C:\WINDOWS\System32\SHCORE.dll
0x00007ffff3e70000 - 0x00007ffff3ece000 	C:\WINDOWS\System32\shlwapi.dll
0x00007ffff26e0000 - 0x00007ffff2706000 	C:\WINDOWS\SYSTEM32\profapi.dll
0x00007fffc4940000 - 0x00007fffc4959000 	C:\Program Files\Java\jdk-11\bin\net.dll
0x00007fffec240000 - 0x00007fffec377000 	C:\WINDOWS\SYSTEM32\WINHTTP.dll
0x00007ffff1730000 - 0x00007ffff1799000 	C:\WINDOWS\system32\mswsock.dll
0x00007fffc4250000 - 0x00007fffc4262000 	C:\Program Files\Java\jdk-11\bin\nio.dll
0x00007fffed900000 - 0x00007fffed91a000 	C:\Program Files\JetBrains\IntelliJ IDEA Community Edition 2023.2.1\bin\breakgen64.dll
0x00007ffff0460000 - 0x00007ffff0559000 	C:\WINDOWS\SYSTEM32\DNSAPI.dll
0x00007ffff0430000 - 0x00007ffff045d000 	C:\WINDOWS\SYSTEM32\IPHLPAPI.DLL
0x00007ffff35b0000 - 0x00007ffff35b9000 	C:\WINDOWS\System32\NSI.dll
0x00007fffe75c0000 - 0x00007fffe75ca000 	C:\Windows\System32\rasadhlp.dll
0x00007fffe7320000 - 0x00007fffe73a4000 	C:\WINDOWS\System32\fwpuclnt.dll
0x00007fffc4410000 - 0x00007fffc4437000 	C:\Program Files\Java\jdk-11\bin\sunec.dll
0x00007ffff2450000 - 0x00007ffff246b000 	C:\WINDOWS\SYSTEM32\CRYPTSP.dll
0x00007ffff08d0000 - 0x00007ffff0905000 	C:\WINDOWS\system32\rsaenh.dll
0x00007ffff1870000 - 0x00007ffff189c000 	C:\WINDOWS\SYSTEM32\USERENV.dll
0x00007ffff20b0000 - 0x00007ffff20d8000 	C:\WINDOWS\SYSTEM32\bcrypt.dll
0x00007ffff18a0000 - 0x00007ffff18ac000 	C:\WINDOWS\SYSTEM32\CRYPTBASE.dll
0x00007fffeb5e0000 - 0x00007fffeb5f9000 	C:\WINDOWS\SYSTEM32\dhcpcsvc6.DLL
0x00007fffeb2b0000 - 0x00007fffeb2cf000 	C:\WINDOWS\SYSTEM32\dhcpcsvc.DLL

dbghelp: loaded successfully - version: 4.0.5 - missing functions: none
symbol engine: initialized successfully - sym options: 0x614 - pdb path: .;C:\Program Files\Java\jdk-11\bin;C:\WINDOWS\SYSTEM32;C:\WINDOWS\WinSxS\amd64_microsoft.windows.common-controls_6595b64144ccf1df_6.0.22621.2361_none_2712ced57382f843;C:\Program Files\Java\jdk-11\bin\server;C:\Program Files\JetBrains\IntelliJ IDEA Community Edition 2023.2.1\bin

VM Arguments:
jvm_args: -javaagent:C:\Program Files\JetBrains\IntelliJ IDEA Community Edition 2023.2.1\lib\idea_rt.jar=51963:C:\Program Files\JetBrains\IntelliJ IDEA Community Edition 2023.2.1\bin -Dfile.encoding=UTF-8 
java_command: tek.raptors.browsers.Activity3
java_class_path (initial): E:\SDET Folder\tek-raptors-selenium\target\test-classes;E:\SDET Folder\tek-raptors-selenium\target\classes;C:\Users\sayed\.m2\repository\org\seleniumhq\selenium\selenium-java\4.15.0\selenium-java-4.15.0.jar;C:\Users\sayed\.m2\repository\org\seleniumhq\selenium\selenium-api\4.15.0\selenium-api-4.15.0.jar;C:\Users\sayed\.m2\repository\org\seleniumhq\selenium\selenium-chrome-driver\4.15.0\selenium-chrome-driver-4.15.0.jar;C:\Users\sayed\.m2\repository\com\google\auto\service\auto-service-annotations\1.1.1\auto-service-annotations-1.1.1.jar;C:\Users\sayed\.m2\repository\org\seleniumhq\selenium\selenium-chromium-driver\4.15.0\selenium-chromium-driver-4.15.0.jar;C:\Users\sayed\.m2\repository\org\seleniumhq\selenium\selenium-json\4.15.0\selenium-json-4.15.0.jar;C:\Users\sayed\.m2\repository\org\seleniumhq\selenium\selenium-manager\4.15.0\selenium-manager-4.15.0.jar;C:\Users\sayed\.m2\repository\org\seleniumhq\selenium\selenium-devtools-v117\4.15.0\selenium-devtools-v117-4.15.0.jar;C:\Users\sayed\.m2\repository\org\seleniumhq\selenium\selenium-devtools-v118\4.15.0\selenium-devtools-v118-4.15.0.jar;C:\Users\sayed\.m2\repository\org\seleniumhq\selenium\selenium-devtools-v119\4.15.0\selenium-devtools-v119-4.15.0.jar;C:\Users\sayed\.m2\repository\org\seleniumhq\selenium\selenium-devtools-v85\4.15.0\selenium-devtools-v85-4.15.0.jar;C:\Users\sayed\.m2\repository\org\seleniumhq\selenium\selenium-edge-driver\4.15.0\selenium-edge-driver-4.15.0.jar;C:\Users\sayed\.m2\repository\org\seleniumhq\selenium\selenium-firefox-driver\4.15.0\selenium-firefox-driver-4.15.0.jar;C:\Users\sayed\.m2\repository\org\seleniumhq\selenium\selenium-http\4.15.0\selenium-http-4.15.0.jar;C:\Users\sayed\.m2\repository\dev\failsafe\failsafe\3.3.2\failsafe-3.3.2.jar;C:\Users\sayed\.m2\repository\org\seleniumhq\selenium\selenium-ie-driver\4.15.0\selenium-ie-driver-4.15.0.jar;C:\Users\sayed\.m2\repository\org\seleniumhq\selenium\selenium-remote-driver\4.15.0\selenium-remote-driver-4.
Launcher Type: SUN_STANDARD

[Global flags]
     intx CICompilerCount                          = 4                                         {product} {ergonomic}
     uint ConcGCThreads                            = 2                                         {product} {ergonomic}
     uint G1ConcRefinementThreads                  = 8                                         {product} {ergonomic}
   size_t G1HeapRegionSize                         = 1048576                                   {product} {ergonomic}
    uintx GCDrainStackTargetSize                   = 64                                        {product} {ergonomic}
   size_t InitialHeapSize                          = 127926272                                 {product} {ergonomic}
   size_t MarkStackSize                            = 4194304                                   {product} {ergonomic}
   size_t MaxHeapSize                              = 2040528896                                {product} {ergonomic}
   size_t MaxNewSize                               = 1223688192                                {product} {ergonomic}
   size_t MinHeapDeltaBytes                        = 1048576                                   {product} {ergonomic}
    uintx NonNMethodCodeHeapSize                   = 5836300                                {pd product} {ergonomic}
    uintx NonProfiledCodeHeapSize                  = 122910970                              {pd product} {ergonomic}
    uintx ProfiledCodeHeapSize                     = 122910970                              {pd product} {ergonomic}
    uintx ReservedCodeCacheSize                    = 251658240                              {pd product} {ergonomic}
     bool SegmentedCodeCache                       = true                                      {product} {ergonomic}
     bool UseCompressedClassPointers               = true                                 {lp64_product} {ergonomic}
     bool UseCompressedOops                        = true                                 {lp64_product} {ergonomic}
     bool UseG1GC                                  = true                                      {product} {ergonomic}
     bool UseLargePagesIndividualAllocation        = false                                  {pd product} {ergonomic}

Logging:
Log output configuration:
 #0: stdout all=warning uptime,level,tags
 #1: stderr all=off uptime,level,tags

Environment Variables:
PATH=C:\Program Files\Common Files\Oracle\Java\javapath;C:\WINDOWS\system32;C:\WINDOWS;C:\WINDOWS\System32\Wbem;C:\WINDOWS\System32\WindowsPowerShell\v1.0\;C:\WINDOWS\System32\OpenSSH\;C:\Program Files (x86)\Brackets\command;C:\Program Files (x86)\dotnet\;C:\Users\sayed\AppData\Local\Microsoft\WindowsApps;;C:\Users\sayed\AppData\Local\Programs\Microsoft VS Code\bin
USERNAME=sayed
OS=Windows_NT
PROCESSOR_IDENTIFIER=Intel64 Family 6 Model 126 Stepping 5, GenuineIntel



---------------  S Y S T E M  ---------------

OS: Windows 11 , 64 bit Build 22621 (10.0.22621.2428)

CPU:total 8 (initial active 8) (4 cores per cpu, 2 threads per core) family 6 model 126 stepping 5 microcode 0xb0, cmov, cx8, fxsr, mmx, sse, sse2, sse3, ssse3, sse4.1, sse4.2, popcnt, avx, avx2, aes, clmul, erms, 3dnowpref, lzcnt, ht, tsc, tscinvbit, bmi1, bmi2, adx, evex, sha, fma

Memory: 4k page, system-wide physical 7778M (783M free)
TotalPageFile size 17675M (AvailPageFile size 4M)
current process WorkingSet (physical memory assigned to process): 115M, peak: 118M
current process commit charge ("private bytes"): 243M, peak: 247M

vm_info: Java HotSpot(TM) 64-Bit Server VM (11.0.19+9-LTS-224) for windows-amd64 JRE (11.0.19+9-LTS-224), built on Mar 27 2023 08:48:55 by "mach5one" with MS VC++ 17.1 (VS2022)

END.
